<?xml version="1.0" encoding="UTF-8"?>
<testsuites>
    <testsuite name="visualizing-weather-on-weatherman-app;visualizing-temperature-of-current-location" tests="3" failures="0" skipped="0">
        <properties>
            <property name="URI" value="/Users/beckchen/Projects/weatherman/client/test/features/weather-page.feature">
            </property>
        </properties>
        <testcase name="Given I am on the weatherman app" classname="visualizing-weather-on-weatherman-app;visualizing-temperature-of-current-location" time="6.147496335">
        </testcase>
        <testcase name="Then I should see the current temperature" classname="visualizing-weather-on-weatherman-app;visualizing-temperature-of-current-location" time="0.032567253">
        </testcase>
        <testcase name="And I should see the current location" classname="visualizing-weather-on-weatherman-app;visualizing-temperature-of-current-location" time="0.035556668">
        </testcase>
    </testsuite>
    <testsuite name="visualizing-weather-on-weatherman-app;searching-for-weather-at-different-location" tests="3" failures="0" skipped="0">
        <properties>
            <property name="URI" value="/Users/beckchen/Projects/weatherman/client/test/features/weather-page.feature">
            </property>
        </properties>
        <testcase name="Given I am on the weatherman app" classname="visualizing-weather-on-weatherman-app;searching-for-weather-at-different-location" time="5.382183647">
        </testcase>
        <testcase name="When I search for the location &quot;Chicago&quot;" classname="visualizing-weather-on-weatherman-app;searching-for-weather-at-different-location" time="0.34649528">
        </testcase>
        <testcase name="Then I should see the location updated to &quot;Chicago, United States&quot;" classname="visualizing-weather-on-weatherman-app;searching-for-weather-at-different-location" time="0.062295547">
        </testcase>
    </testsuite>
    <testsuite name="visualizing-weather-on-weatherman-app;refreshing-data-on-weatherman" tests="5" failures="0" skipped="0">
        <properties>
            <property name="URI" value="/Users/beckchen/Projects/weatherman/client/test/features/weather-page.feature">
            </property>
        </properties>
        <testcase name="Given I am on the weatherman app" classname="visualizing-weather-on-weatherman-app;refreshing-data-on-weatherman" time="5.913737098">
        </testcase>
        <testcase name="When I search for the location &quot;Abu Dhabi&quot;" classname="visualizing-weather-on-weatherman-app;refreshing-data-on-weatherman" time="0.336636179">
        </testcase>
        <testcase name="Then I should see the location updated to &quot;Abu Dhabi, United Arab Emirates&quot;" classname="visualizing-weather-on-weatherman-app;refreshing-data-on-weatherman" time="0.040259118">
        </testcase>
        <testcase name="When I drag down to refresh" classname="visualizing-weather-on-weatherman-app;refreshing-data-on-weatherman" time="2.263678967">
        </testcase>
        <testcase name="Then I should see the location not equal to &quot;Abu Dhabi, United Arab Emirates&quot;" classname="visualizing-weather-on-weatherman-app;refreshing-data-on-weatherman" time="0.018130194">
        </testcase>
    </testsuite>
</testsuites>