<?xml version="1.0" encoding="UTF-8"?>
<testsuites>
    <testsuite name="opening-the-weather-page;visualizing-temperature-of-current-location" tests="3" failures="0" skipped="0">
        <properties>
            <property name="URI" value="/Users/beckchen/Projects/weatherman/client/test/features/weather-page.feature">
            </property>
        </properties>
        <testcase name="Given I am on the weatherman app" classname="opening-the-weather-page;visualizing-temperature-of-current-location" time="5.898052629">
        </testcase>
        <testcase name="Then I should see the current temperature" classname="opening-the-weather-page;visualizing-temperature-of-current-location" time="0.024337501">
        </testcase>
        <testcase name="And I should see the current location" classname="opening-the-weather-page;visualizing-temperature-of-current-location" time="0.033891676">
        </testcase>
    </testsuite>
    <testsuite name="opening-the-weather-page;searching-for-weather-at-different-location" tests="3" failures="0" skipped="0">
        <properties>
            <property name="URI" value="/Users/beckchen/Projects/weatherman/client/test/features/weather-page.feature">
            </property>
        </properties>
        <testcase name="Given I am on the weatherman app" classname="opening-the-weather-page;searching-for-weather-at-different-location" time="5.797013868">
        </testcase>
        <testcase name="When I search for the location &quot;Chicago&quot;" classname="opening-the-weather-page;searching-for-weather-at-different-location" time="0.29320525">
        </testcase>
        <testcase name="Then I should see the location updated to &quot;Chicago, United States&quot;" classname="opening-the-weather-page;searching-for-weather-at-different-location" time="0.033581237">
        </testcase>
    </testsuite>
</testsuites>