<?xml version="1.0" encoding="UTF-8"?>
<testsuites>
    <testsuite name="visualizing-weather-on-weatherman-app;visualizing-temperature-of-current-location" tests="3" failures="0" skipped="0">
        <properties>
            <property name="URI" value="/Users/beckchen/Projects/weatherman/client/test/features/weather-page.feature">
            </property>
        </properties>
        <testcase name="Given I am on the weatherman app" classname="visualizing-weather-on-weatherman-app;visualizing-temperature-of-current-location" time="6.041080825">
        </testcase>
        <testcase name="Then I should see the current temperature" classname="visualizing-weather-on-weatherman-app;visualizing-temperature-of-current-location" time="0.033875658">
        </testcase>
        <testcase name="And I should see the current location" classname="visualizing-weather-on-weatherman-app;visualizing-temperature-of-current-location" time="0.030875245">
        </testcase>
    </testsuite>
    <testsuite name="visualizing-weather-on-weatherman-app;searching-for-weather-at-different-location" tests="3" failures="0" skipped="0">
        <properties>
            <property name="URI" value="/Users/beckchen/Projects/weatherman/client/test/features/weather-page.feature">
            </property>
        </properties>
        <testcase name="Given I am on the weatherman app" classname="visualizing-weather-on-weatherman-app;searching-for-weather-at-different-location" time="5.718711817">
        </testcase>
        <testcase name="When I search for the location &quot;Chicago&quot;" classname="visualizing-weather-on-weatherman-app;searching-for-weather-at-different-location" time="0.33161896">
        </testcase>
        <testcase name="Then I should see the location updated to &quot;Chicago, United States&quot;" classname="visualizing-weather-on-weatherman-app;searching-for-weather-at-different-location" time="0.050810954">
        </testcase>
    </testsuite>
    <testsuite name="visualizing-weather-on-weatherman-app;refreshing-data-on-weatherman" tests="5" failures="0" skipped="0">
        <properties>
            <property name="URI" value="/Users/beckchen/Projects/weatherman/client/test/features/weather-page.feature">
            </property>
        </properties>
        <testcase name="Given I am on the weatherman app" classname="visualizing-weather-on-weatherman-app;refreshing-data-on-weatherman" time="6.95416984">
        </testcase>
        <testcase name="When I search for the location &quot;Abu Dhabi&quot;" classname="visualizing-weather-on-weatherman-app;refreshing-data-on-weatherman" time="0.543610118">
        </testcase>
        <testcase name="Then I should see the location updated to &quot;Abu Dhabi, United Arab Emirates&quot;" classname="visualizing-weather-on-weatherman-app;refreshing-data-on-weatherman" time="0.043388653">
        </testcase>
        <testcase name="When I drag down to refresh" classname="visualizing-weather-on-weatherman-app;refreshing-data-on-weatherman" time="2.200381552">
        </testcase>
        <testcase name="Then I should see the location not equal to &quot;Abu Dhabi, United Arab Emirates&quot;" classname="visualizing-weather-on-weatherman-app;refreshing-data-on-weatherman" time="0.018084199">
        </testcase>
    </testsuite>
</testsuites>