<?xml version="1.0" encoding="UTF-8"?>
<testsuites>
    <testsuite name="visualizing-weather-on-weatherman-app;visualizing-temperature-of-current-location" tests="3" failures="0" skipped="0">
        <properties>
            <property name="URI" value="/Users/beckchen/Projects/weatherman/client/test/features/weather-page.feature">
            </property>
        </properties>
        <testcase name="Given I am on the weatherman app" classname="visualizing-weather-on-weatherman-app;visualizing-temperature-of-current-location" time="6.184255018">
        </testcase>
        <testcase name="Then I should see the current temperature" classname="visualizing-weather-on-weatherman-app;visualizing-temperature-of-current-location" time="0.034462456">
        </testcase>
        <testcase name="And I should see the current location" classname="visualizing-weather-on-weatherman-app;visualizing-temperature-of-current-location" time="0.045438072">
        </testcase>
    </testsuite>
    <testsuite name="visualizing-weather-on-weatherman-app;searching-for-weather-at-different-location" tests="3" failures="0" skipped="0">
        <properties>
            <property name="URI" value="/Users/beckchen/Projects/weatherman/client/test/features/weather-page.feature">
            </property>
        </properties>
        <testcase name="Given I am on the weatherman app" classname="visualizing-weather-on-weatherman-app;searching-for-weather-at-different-location" time="5.341592957">
        </testcase>
        <testcase name="When I search for the location &quot;Chicago&quot;" classname="visualizing-weather-on-weatherman-app;searching-for-weather-at-different-location" time="0.354733565">
        </testcase>
        <testcase name="Then I should see the location updated to &quot;Chicago, United States&quot;" classname="visualizing-weather-on-weatherman-app;searching-for-weather-at-different-location" time="0.03986281">
        </testcase>
    </testsuite>
    <testsuite name="visualizing-weather-on-weatherman-app;refreshing-data-on-weatherman" tests="5" failures="0" skipped="0">
        <properties>
            <property name="URI" value="/Users/beckchen/Projects/weatherman/client/test/features/weather-page.feature">
            </property>
        </properties>
        <testcase name="Given I am on the weatherman app" classname="visualizing-weather-on-weatherman-app;refreshing-data-on-weatherman" time="5.928198963">
        </testcase>
        <testcase name="When I search for the location &quot;Abu Dhabi&quot;" classname="visualizing-weather-on-weatherman-app;refreshing-data-on-weatherman" time="0.373370482">
        </testcase>
        <testcase name="Then I should see the location updated to &quot;Abu Dhabi, United Arab Emirates&quot;" classname="visualizing-weather-on-weatherman-app;refreshing-data-on-weatherman" time="0.036837217">
        </testcase>
        <testcase name="When I drag down to refresh" classname="visualizing-weather-on-weatherman-app;refreshing-data-on-weatherman" time="2.215134536">
        </testcase>
        <testcase name="Then I should see the location not equal to &quot;Abu Dhabi, United Arab Emirates&quot;" classname="visualizing-weather-on-weatherman-app;refreshing-data-on-weatherman" time="0.019795048">
        </testcase>
    </testsuite>
</testsuites>